<?xml version="1.0" ?>
<coverage version="7.6.8" timestamp="1753212452618" lines-valid="232" lines-covered="62" line-rate="0.2672" branches-covered="0" branches-valid="0" branch-rate="0" complexity="0">
	<!-- Generated by coverage.py: https://coverage.readthedocs.io/en/7.6.8 -->
	<!-- Based on https://raw.githubusercontent.com/cobertura/web/master/htdocs/xml/coverage-04.dtd -->
	<sources>
		<source>/home/runner/work/home-assistant-zendure_local/home-assistant-zendure_local</source>
	</sources>
	<packages>
		<package name="custom_components.zendure_local" line-rate="0.2672" branch-rate="0" complexity="0">
			<classes>
				<class name="__init__.py" filename="custom_components/zendure_local/__init__.py" complexity="0" line-rate="1" branch-rate="0">
					<methods/>
					<lines>
						<line number="3" hits="1"/>
						<line number="4" hits="1"/>
						<line number="5" hits="1"/>
						<line number="6" hits="1"/>
						<line number="8" hits="1"/>
						<line number="11" hits="1"/>
						<line number="13" hits="1"/>
						<line number="16" hits="1"/>
						<line number="18" hits="1"/>
						<line number="19" hits="1"/>
						<line number="22" hits="1"/>
						<line number="24" hits="1"/>
					</lines>
				</class>
				<class name="config_flow.py" filename="custom_components/zendure_local/config_flow.py" complexity="0" line-rate="0.6667" branch-rate="0">
					<methods/>
					<lines>
						<line number="3" hits="1"/>
						<line number="5" hits="1"/>
						<line number="7" hits="1"/>
						<line number="9" hits="1"/>
						<line number="10" hits="1"/>
						<line number="12" hits="1"/>
						<line number="15" hits="1"/>
						<line number="18" hits="1"/>
						<line number="19" hits="1"/>
						<line number="21" hits="1"/>
						<line number="25" hits="0"/>
						<line number="27" hits="0"/>
						<line number="29" hits="0"/>
						<line number="31" hits="0"/>
						<line number="33" hits="0"/>
					</lines>
				</class>
				<class name="const.py" filename="custom_components/zendure_local/const.py" complexity="0" line-rate="1" branch-rate="0">
					<methods/>
					<lines>
						<line number="3" hits="1"/>
						<line number="5" hits="1"/>
						<line number="6" hits="1"/>
						<line number="7" hits="1"/>
						<line number="8" hits="1"/>
						<line number="9" hits="1"/>
					</lines>
				</class>
				<class name="sensor.py" filename="custom_components/zendure_local/sensor.py" complexity="0" line-rate="0.1709" branch-rate="0">
					<methods/>
					<lines>
						<line number="3" hits="1"/>
						<line number="4" hits="1"/>
						<line number="6" hits="1"/>
						<line number="7" hits="1"/>
						<line number="9" hits="1"/>
						<line number="10" hits="1"/>
						<line number="16" hits="1"/>
						<line number="17" hits="1"/>
						<line number="18" hits="1"/>
						<line number="19" hits="1"/>
						<line number="24" hits="1"/>
						<line number="26" hits="1"/>
						<line number="29" hits="1"/>
						<line number="32" hits="0"/>
						<line number="33" hits="0"/>
						<line number="34" hits="0"/>
						<line number="35" hits="0"/>
						<line number="38" hits="0"/>
						<line number="39" hits="0"/>
						<line number="43" hits="1"/>
						<line number="83" hits="1"/>
						<line number="86" hits="1"/>
						<line number="88" hits="0"/>
						<line number="94" hits="0"/>
						<line number="96" hits="1"/>
						<line number="98" hits="0"/>
						<line number="99" hits="0"/>
						<line number="100" hits="0"/>
						<line number="106" hits="0"/>
						<line number="107" hits="0"/>
						<line number="108" hits="0"/>
						<line number="109" hits="0"/>
						<line number="111" hits="0"/>
						<line number="112" hits="0"/>
						<line number="114" hits="0"/>
						<line number="115" hits="0"/>
						<line number="116" hits="0"/>
						<line number="117" hits="0"/>
						<line number="118" hits="0"/>
						<line number="119" hits="0"/>
						<line number="122" hits="1"/>
						<line number="417" hits="1"/>
						<line number="478" hits="1"/>
						<line number="507" hits="1"/>
						<line number="510" hits="1"/>
						<line number="512" hits="0"/>
						<line number="513" hits="0"/>
						<line number="514" hits="0"/>
						<line number="515" hits="0"/>
						<line number="516" hits="0"/>
						<line number="518" hits="1"/>
						<line number="520" hits="0"/>
						<line number="521" hits="0"/>
						<line number="522" hits="0"/>
						<line number="544" hits="0"/>
						<line number="545" hits="0"/>
						<line number="546" hits="0"/>
						<line number="547" hits="0"/>
						<line number="548" hits="0"/>
						<line number="549" hits="0"/>
						<line number="550" hits="0"/>
						<line number="551" hits="0"/>
						<line number="552" hits="0"/>
						<line number="556" hits="0"/>
						<line number="559" hits="1"/>
						<line number="561" hits="0"/>
						<line number="562" hits="0"/>
						<line number="564" hits="0"/>
						<line number="570" hits="0"/>
						<line number="571" hits="0"/>
						<line number="573" hits="0"/>
						<line number="574" hits="0"/>
						<line number="578" hits="0"/>
						<line number="580" hits="0"/>
						<line number="583" hits="0"/>
						<line number="584" hits="0"/>
						<line number="585" hits="0"/>
						<line number="587" hits="0"/>
						<line number="588" hits="0"/>
						<line number="598" hits="0"/>
						<line number="601" hits="0"/>
						<line number="602" hits="0"/>
						<line number="603" hits="0"/>
						<line number="604" hits="0"/>
						<line number="606" hits="0"/>
						<line number="610" hits="0"/>
						<line number="611" hits="0"/>
						<line number="612" hits="0"/>
						<line number="614" hits="0"/>
						<line number="615" hits="0"/>
						<line number="616" hits="0"/>
						<line number="618" hits="0"/>
						<line number="630" hits="0"/>
						<line number="651" hits="0"/>
						<line number="652" hits="0"/>
						<line number="655" hits="1"/>
						<line number="658" hits="1"/>
						<line number="660" hits="1"/>
						<line number="667" hits="0"/>
						<line number="668" hits="0"/>
						<line number="669" hits="0"/>
						<line number="670" hits="0"/>
						<line number="676" hits="0"/>
						<line number="677" hits="0"/>
						<line number="678" hits="0"/>
						<line number="680" hits="1"/>
						<line number="681" hits="0"/>
						<line number="682" hits="0"/>
						<line number="684" hits="1"/>
						<line number="685" hits="0"/>
						<line number="686" hits="0"/>
						<line number="687" hits="0"/>
						<line number="688" hits="0"/>
						<line number="689" hits="0"/>
						<line number="690" hits="0"/>
						<line number="691" hits="0"/>
						<line number="692" hits="0"/>
						<line number="693" hits="0"/>
						<line number="694" hits="0"/>
						<line number="695" hits="0"/>
						<line number="696" hits="0"/>
						<line number="697" hits="0"/>
						<line number="700" hits="0"/>
						<line number="702" hits="0"/>
						<line number="703" hits="0"/>
						<line number="706" hits="1"/>
						<line number="709" hits="1"/>
						<line number="711" hits="1"/>
						<line number="719" hits="0"/>
						<line number="720" hits="0"/>
						<line number="721" hits="0"/>
						<line number="722" hits="0"/>
						<line number="723" hits="0"/>
						<line number="724" hits="0"/>
						<line number="731" hits="0"/>
						<line number="732" hits="0"/>
						<line number="733" hits="0"/>
						<line number="735" hits="1"/>
						<line number="736" hits="0"/>
						<line number="737" hits="0"/>
						<line number="739" hits="1"/>
						<line number="740" hits="0"/>
						<line number="741" hits="0"/>
						<line number="742" hits="0"/>
						<line number="743" hits="0"/>
						<line number="744" hits="0"/>
						<line number="745" hits="0"/>
						<line number="746" hits="0"/>
						<line number="747" hits="0"/>
						<line number="748" hits="0"/>
						<line number="749" hits="0"/>
						<line number="750" hits="0"/>
						<line number="751" hits="0"/>
						<line number="752" hits="0"/>
						<line number="753" hits="0"/>
						<line number="754" hits="0"/>
						<line number="755" hits="0"/>
						<line number="756" hits="0"/>
						<line number="757" hits="0"/>
						<line number="759" hits="0"/>
						<line number="761" hits="0"/>
						<line number="762" hits="0"/>
						<line number="763" hits="0"/>
						<line number="764" hits="0"/>
						<line number="765" hits="0"/>
						<line number="766" hits="0"/>
						<line number="770" hits="0"/>
						<line number="771" hits="0"/>
						<line number="772" hits="0"/>
						<line number="773" hits="0"/>
						<line number="775" hits="0"/>
						<line number="776" hits="0"/>
						<line number="777" hits="0"/>
						<line number="778" hits="0"/>
						<line number="780" hits="0"/>
						<line number="782" hits="0"/>
						<line number="783" hits="0"/>
						<line number="784" hits="0"/>
						<line number="785" hits="0"/>
						<line number="787" hits="0"/>
						<line number="789" hits="0"/>
						<line number="790" hits="0"/>
						<line number="791" hits="0"/>
						<line number="792" hits="0"/>
						<line number="793" hits="0"/>
						<line number="794" hits="0"/>
						<line number="795" hits="0"/>
						<line number="799" hits="0"/>
						<line number="800" hits="0"/>
						<line number="801" hits="0"/>
						<line number="802" hits="0"/>
						<line number="803" hits="0"/>
						<line number="804" hits="0"/>
						<line number="806" hits="0"/>
						<line number="808" hits="0"/>
						<line number="809" hits="0"/>
						<line number="810" hits="0"/>
						<line number="811" hits="0"/>
						<line number="812" hits="0"/>
					</lines>
				</class>
			</classes>
		</package>
	</packages>
</coverage>
